0 info it worked if it ends with ok
1 verbose cli [ 'node',
1 verbose cli   '/usr/local/bin/npm',
1 verbose cli   'install',
1 verbose cli   'localsasd',
1 verbose cli   '--dev-save' ]
2 info using npm@2.11.0
3 info using node@v0.12.4
4 verbose install initial load of /Users/moshujian/Documents/braeco_client/package.json
5 warn package.json braeco_client@1.0.0 No repository field.
6 warn package.json braeco_client@1.0.0 No README data
7 warn package.json braeco_client@1.0.0 license should be a valid SPDX license expression
8 verbose installManyTop reading scoped package data from /Users/moshujian/Documents/braeco_client/node_modules/connect-livereload/package.json
9 verbose installManyTop reading scoped package data from /Users/moshujian/Documents/braeco_client/node_modules/express/package.json
10 verbose installManyTop reading scoped package data from /Users/moshujian/Documents/braeco_client/node_modules/grunt/package.json
11 verbose installManyTop reading scoped package data from /Users/moshujian/Documents/braeco_client/node_modules/grunt-browserify/package.json
12 verbose installManyTop reading scoped package data from /Users/moshujian/Documents/braeco_client/node_modules/grunt-contrib-clean/package.json
13 verbose installManyTop reading scoped package data from /Users/moshujian/Documents/braeco_client/node_modules/grunt-contrib-coffee/package.json
14 verbose installManyTop reading scoped package data from /Users/moshujian/Documents/braeco_client/node_modules/grunt-contrib-concat/package.json
15 verbose installManyTop reading scoped package data from /Users/moshujian/Documents/braeco_client/node_modules/grunt-contrib-connect/package.json
16 verbose installManyTop reading scoped package data from /Users/moshujian/Documents/braeco_client/node_modules/grunt-contrib-copy/package.json
17 verbose installManyTop reading scoped package data from /Users/moshujian/Documents/braeco_client/node_modules/grunt-contrib-cssmin/package.json
18 verbose installManyTop reading scoped package data from /Users/moshujian/Documents/braeco_client/node_modules/grunt-contrib-jade/package.json
19 verbose installManyTop reading scoped package data from /Users/moshujian/Documents/braeco_client/node_modules/grunt-contrib-jshint/package.json
20 verbose installManyTop reading scoped package data from /Users/moshujian/Documents/braeco_client/node_modules/grunt-contrib-less/package.json
21 verbose installManyTop reading scoped package data from /Users/moshujian/Documents/braeco_client/node_modules/grunt-contrib-nodeunit/package.json
22 verbose installManyTop reading scoped package data from /Users/moshujian/Documents/braeco_client/node_modules/grunt-contrib-uglify/package.json
23 verbose installManyTop reading scoped package data from /Users/moshujian/Documents/braeco_client/node_modules/grunt-contrib-watch/package.json
24 verbose installManyTop reading scoped package data from /Users/moshujian/Documents/braeco_client/node_modules/grunt-express-server/package.json
25 verbose installManyTop reading scoped package data from /Users/moshujian/Documents/braeco_client/node_modules/grunt-hashmap/package.json
26 verbose installManyTop reading scoped package data from /Users/moshujian/Documents/braeco_client/node_modules/grunt-ssh/package.json
27 verbose installManyTop reading scoped package data from /Users/moshujian/Documents/braeco_client/node_modules/html/package.json
28 verbose installManyTop reading scoped package data from /Users/moshujian/Documents/braeco_client/node_modules/jade/package.json
29 verbose installManyTop reading scoped package data from /Users/moshujian/Documents/braeco_client/node_modules/locals/package.json
30 verbose installManyTop reading scoped package data from /Users/moshujian/Documents/braeco_client/node_modules/serve-index/package.json
31 verbose installManyTop reading scoped package data from /Users/moshujian/Documents/braeco_client/node_modules/serve-static/package.json
32 info package.json grunt@0.4.5 No license field.
33 info package.json grunt-browserify@4.0.1 No license field.
34 info package.json grunt-contrib-clean@0.6.0 No license field.
35 info package.json grunt-contrib-coffee@0.13.0 No license field.
36 info package.json grunt-contrib-concat@0.5.1 No license field.
37 info package.json grunt-contrib-nodeunit@0.4.1 No license field.
38 info package.json grunt-contrib-watch@0.6.1 No license field.
39 info package.json grunt-ssh@0.12.8 No license field.
40 info package.json grunt-hashmap@0.1.5 No license field.
41 info package.json html@0.0.10 license should be a valid SPDX license expression
42 info package.json grunt-express-server@0.5.1 No license field.
43 verbose readDependencies loading dependencies from /Users/moshujian/Documents/braeco_client/package.json
44 silly cache add args [ 'localsasd', null ]
45 verbose cache add spec localsasd
46 silly cache add parsed spec { raw: 'localsasd',
46 silly cache add   scope: null,
46 silly cache add   name: 'localsasd',
46 silly cache add   rawSpec: '',
46 silly cache add   spec: '*',
46 silly cache add   type: 'range' }
47 silly addNamed localsasd@*
48 verbose addNamed "*" is a valid semver range for localsasd
49 silly addNameRange { name: 'localsasd', range: '*', hasData: false }
50 silly mapToRegistry name localsasd
51 silly mapToRegistry using default registry
52 silly mapToRegistry registry https://registry.npmjs.org/
53 silly mapToRegistry uri https://registry.npmjs.org/localsasd
54 verbose addNameRange registry:https://registry.npmjs.org/localsasd not in flight; fetching
55 verbose request uri https://registry.npmjs.org/localsasd
56 verbose request no auth needed
57 info attempt registry request try #1 at 02:24:07
58 verbose request id 06270ce9f9d73e66
59 http request GET https://registry.npmjs.org/localsasd
60 http 404 https://registry.npmjs.org/localsasd
61 verbose headers { 'content-type': 'application/json',
61 verbose headers   'cache-control': 'max-age=0',
61 verbose headers   'content-length': '2',
61 verbose headers   'accept-ranges': 'bytes',
61 verbose headers   date: 'Mon, 07 Dec 2015 18:24:08 GMT',
61 verbose headers   via: '1.1 varnish',
61 verbose headers   age: '0',
61 verbose headers   connection: 'keep-alive',
61 verbose headers   'x-served-by': 'cache-hkg6822-HKG',
61 verbose headers   'x-cache': 'MISS',
61 verbose headers   'x-cache-hits': '0',
61 verbose headers   'x-timer': 'S1449512647.242172,VS0,VE1149' }
62 silly get cb [ 404,
62 silly get   { 'content-type': 'application/json',
62 silly get     'cache-control': 'max-age=0',
62 silly get     'content-length': '2',
62 silly get     'accept-ranges': 'bytes',
62 silly get     date: 'Mon, 07 Dec 2015 18:24:08 GMT',
62 silly get     via: '1.1 varnish',
62 silly get     age: '0',
62 silly get     connection: 'keep-alive',
62 silly get     'x-served-by': 'cache-hkg6822-HKG',
62 silly get     'x-cache': 'MISS',
62 silly get     'x-cache-hits': '0',
62 silly get     'x-timer': 'S1449512647.242172,VS0,VE1149' } ]
63 verbose stack Error: Registry returned 404 for GET on https://registry.npmjs.org/localsasd
63 verbose stack     at CachingRegistryClient.<anonymous> (/usr/local/lib/node_modules/npm/node_modules/npm-registry-client/lib/request.js:239:14)
63 verbose stack     at Request._callback (/usr/local/lib/node_modules/npm/node_modules/npm-registry-client/lib/request.js:170:14)
63 verbose stack     at Request.self.callback (/usr/local/lib/node_modules/npm/node_modules/request/request.js:368:22)
63 verbose stack     at Request.emit (events.js:110:17)
63 verbose stack     at Request.<anonymous> (/usr/local/lib/node_modules/npm/node_modules/request/request.js:1219:14)
63 verbose stack     at Request.emit (events.js:129:20)
63 verbose stack     at IncomingMessage.<anonymous> (/usr/local/lib/node_modules/npm/node_modules/request/request.js:1167:12)
63 verbose stack     at IncomingMessage.emit (events.js:129:20)
63 verbose stack     at _stream_readable.js:908:16
63 verbose stack     at process._tickCallback (node.js:355:11)
64 verbose statusCode 404
65 verbose pkgid localsasd
66 verbose cwd /Users/moshujian/Documents/braeco_client
67 error Darwin 15.0.0
68 error argv "node" "/usr/local/bin/npm" "install" "localsasd" "--dev-save"
69 error node v0.12.4
70 error npm  v2.11.0
71 error code E404
72 error 404 Registry returned 404 for GET on https://registry.npmjs.org/localsasd
72 error 404
72 error 404 'localsasd' is not in the npm registry.
72 error 404 You should bug the author to publish it (or use the name yourself!)
72 error 404 It was specified as a dependency of 'braeco_client'
72 error 404
72 error 404 Note that you can also install from a
72 error 404 tarball, folder, http url, or git url.
73 verbose exit [ 1, true ]
